e:\projects\visual studio 2013\graphics\softglow\debug\softglow.pch
e:\projects\visual studio 2013\graphics\softglow\debug\vc120.pdb
e:\projects\visual studio 2013\graphics\softglow\debug\vc120.idb
e:\projects\visual studio 2013\graphics\softglow\debug\stdafx.obj
e:\projects\visual studio 2013\graphics\softglow\debug\mainframe.obj
e:\projects\visual studio 2013\graphics\softglow\debug\softglow.obj
e:\projects\visual studio 2013\graphics\softglow\debug\softglowdoc.obj
e:\projects\visual studio 2013\graphics\softglow\debug\softglowview.obj
e:\projects\visual studio 2013\graphics\debug\softglow.ilk
e:\projects\visual studio 2013\graphics\debug\softglow.exe
e:\projects\visual studio 2013\graphics\debug\softglow.pdb
e:\projects\visual studio 2013\graphics\softglow\debug\softglow.res
e:\projects\visual studio 2013\graphics\softglow\debug\softglow.tlog\cl.command.1.tlog
e:\projects\visual studio 2013\graphics\softglow\debug\softglow.tlog\cl.read.1.tlog
e:\projects\visual studio 2013\graphics\softglow\debug\softglow.tlog\cl.write.1.tlog
e:\projects\visual studio 2013\graphics\softglow\debug\softglow.tlog\link.command.1.tlog
e:\projects\visual studio 2013\graphics\softglow\debug\softglow.tlog\link.read.1.tlog
e:\projects\visual studio 2013\graphics\softglow\debug\softglow.tlog\link.write.1.tlog
e:\projects\visual studio 2013\graphics\softglow\debug\softglow.tlog\rc.command.1.tlog
e:\projects\visual studio 2013\graphics\softglow\debug\softglow.tlog\rc.read.1.tlog
e:\projects\visual studio 2013\graphics\softglow\debug\softglow.tlog\rc.write.1.tlog
